-- The C compiler identification is GNU 11.4.0
-- The CXX compiler identification is GNU 11.4.0
-- Detecting C compiler ABI info
-- Detecting C compiler ABI info - done
-- Check for working C compiler: /usr/bin/cc - skipped
-- Detecting C compile features
-- Detecting C compile features - done
-- Detecting CXX compiler ABI info
-- Detecting CXX compiler ABI info - done
-- Check for working CXX compiler: /usr/bin/c++ - skipped
-- Detecting CXX compile features
-- Detecting CXX compile features - done
-- Found ament_cmake: 1.3.10 (/opt/ros/humble/share/ament_cmake/cmake)
-- Found Python3: /usr/bin/python3 (found version "3.10.12") found components: Interpreter 
-- Found std_msgs: 4.2.4 (/opt/ros/humble/share/std_msgs/cmake)
-- Found rosidl_generator_c: 3.1.5 (/opt/ros/humble/share/rosidl_generator_c/cmake)
-- Found rosidl_adapter: 3.1.5 (/opt/ros/humble/share/rosidl_adapter/cmake)
-- Found rosidl_generator_cpp: 3.1.5 (/opt/ros/humble/share/rosidl_generator_cpp/cmake)
-- Using all available rosidl_typesupport_c: rosidl_typesupport_fastrtps_c;rosidl_typesupport_introspection_c
-- Using all available rosidl_typesupport_cpp: rosidl_typesupport_fastrtps_cpp;rosidl_typesupport_introspection_cpp
-- Found rclcpp_lifecycle: 16.0.10 (/opt/ros/humble/share/rclcpp_lifecycle/cmake)
-- Found rmw_implementation_cmake: 6.1.2 (/opt/ros/humble/share/rmw_implementation_cmake/cmake)
-- Found rmw_fastrtps_cpp: 6.2.7 (/opt/ros/humble/share/rmw_fastrtps_cpp/cmake)
-- Found OpenSSL: /usr/lib/x86_64-linux-gnu/libcrypto.so (found version "3.0.2")  
-- Found FastRTPS: /opt/ros/humble/include  
-- Using RMW implementation 'rmw_fastrtps_cpp' as default
-- Looking for pthread.h
-- Looking for pthread.h - found
-- Performing Test CMAKE_HAVE_LIBC_PTHREAD
-- Performing Test CMAKE_HAVE_LIBC_PTHREAD - Success
-- Found Threads: TRUE  
-- Found hardware_interface: 2.43.1 (/opt/ros/humble/share/hardware_interface/cmake)
-- Found PkgConfig: /usr/bin/pkg-config (found version "0.29.2") 
-- Checking for module 'libserial'
--   Found libserial, version 1.0.0
-- Configuring done
-- Generating done
-- Build files have been written to: /home/bryan/hexapod_ws/build/hexapod_firmware
[ 50%] [32mBuilding CXX object CMakeFiles/hexapod_firmware.dir/src/hexapod_interface.cpp.o[0m
[01m[K/home/bryan/hexapod_ws/src/hexapod_firmware/src/hexapod_interface.cpp:[m[K In destructor â€˜[01m[Kvirtual hexapod_firmware::HexapodInterface::~HexapodInterface()[m[Kâ€™:
[01m[K/home/bryan/hexapod_ws/src/hexapod_firmware/src/hexapod_interface.cpp:15:7:[m[K [01;31m[Kerror: [m[Kâ€˜[01m[Karduino_[m[Kâ€™ was not declared in this scope
   15 |   if ([01;31m[Karduino_[m[K.IsOpen())
      |       [01;31m[K^~~~~~~~[m[K
[01m[K/home/bryan/hexapod_ws/src/hexapod_firmware/src/hexapod_interface.cpp:[m[K In member function â€˜[01m[Kvirtual hexapod_firmware::CallbackReturn hexapod_firmware::HexapodInterface::on_activate(const rclcpp_lifecycle::State&)[m[Kâ€™:
[01m[K/home/bryan/hexapod_ws/src/hexapod_firmware/src/hexapod_interface.cpp:100:5:[m[K [01;31m[Kerror: [m[Kâ€˜[01m[Karduino_[m[Kâ€™ was not declared in this scope
  100 |     [01;31m[Karduino_[m[K.Open(port_);
      |     [01;31m[K^~~~~~~~[m[K
[01m[K/home/bryan/hexapod_ws/src/hexapod_firmware/src/hexapod_interface.cpp:[m[K In member function â€˜[01m[Kvirtual hexapod_firmware::CallbackReturn hexapod_firmware::HexapodInterface::on_deactivate(const rclcpp_lifecycle::State&)[m[Kâ€™:
[01m[K/home/bryan/hexapod_ws/src/hexapod_firmware/src/hexapod_interface.cpp:120:7:[m[K [01;31m[Kerror: [m[Kâ€˜[01m[Karduino_[m[Kâ€™ was not declared in this scope
  120 |   if ([01;31m[Karduino_[m[K.IsOpen())
      |       [01;31m[K^~~~~~~~[m[K
[01m[K/home/bryan/hexapod_ws/src/hexapod_firmware/src/hexapod_interface.cpp:[m[K In member function â€˜[01m[Kvirtual hardware_interface::return_type hexapod_firmware::HexapodInterface::read(const rclcpp::Time&, const rclcpp::Duration&)[m[Kâ€™:
[01m[K/home/bryan/hexapod_ws/src/hexapod_firmware/src/hexapod_interface.cpp:171:7:[m[K [01;31m[Kerror: [m[Kâ€˜[01m[Karduino_[m[Kâ€™ was not declared in this scope
  171 |   if ([01;31m[Karduino_[m[K.IsDataAvailable()) {
      |       [01;31m[K^~~~~~~~[m[K
[01m[K/home/bryan/hexapod_ws/src/hexapod_firmware/src/hexapod_interface.cpp:183:20:[m[K [01;35m[Kwarning: [m[Kunused variable â€˜[01m[Kposition[m[Kâ€™ [[01;35m[K]8;;https://gcc.gnu.org/onlinedocs/gcc/Warning-Options.html#index-Wunused-variable-Wunused-variable]8;;[m[K]
  183 |             double [01;35m[Kposition[m[K = std::stod(value);
      |                    [01;35m[K^~~~~~~~[m[K
[01m[K/home/bryan/hexapod_ws/src/hexapod_firmware/src/hexapod_interface.cpp:172:10:[m[K [01;35m[Kwarning: [m[Kunused variable â€˜[01m[Kdt[m[Kâ€™ [[01;35m[K]8;;https://gcc.gnu.org/onlinedocs/gcc/Warning-Options.html#index-Wunused-variable-Wunused-variable]8;;[m[K]
  172 |     auto [01;35m[Kdt[m[K = (rclcpp::Clock().now() - last_run_).seconds();
      |          [01;35m[K^~[m[K
[01m[K/home/bryan/hexapod_ws/src/hexapod_firmware/src/hexapod_interface.cpp:[m[K In member function â€˜[01m[Kvirtual hardware_interface::return_type hexapod_firmware::HexapodInterface::write(const rclcpp::Time&, const rclcpp::Duration&)[m[Kâ€™:
[01m[K/home/bryan/hexapod_ws/src/hexapod_firmware/src/hexapod_interface.cpp:217:5:[m[K [01;31m[Kerror: [m[Kâ€˜[01m[Karduino_[m[Kâ€™ was not declared in this scope
  217 |     [01;31m[Karduino_[m[K.Write(message_stream.str());
      |     [01;31m[K^~~~~~~~[m[K
In file included from [01m[K/opt/ros/humble/include/class_loader/class_loader/class_loader.hpp:56[m[K,
                 from [01m[K/opt/ros/humble/include/pluginlib/pluginlib/class_list_macros.hpp:40[m[K,
                 from [01m[K/home/bryan/hexapod_ws/src/hexapod_firmware/src/hexapod_interface.cpp:3[m[K:
[01m[K/home/bryan/hexapod_ws/src/hexapod_firmware/src/hexapod_interface.cpp:[m[K At global scope:
[01m[K/home/bryan/hexapod_ws/src/hexapod_firmware/src/hexapod_interface.cpp:229:1:[m[K [01;31m[Kerror: [m[Kexpected â€˜[01m[K}[m[Kâ€™ at end of input
  229 | [01;31m[KPLUGINLIB_EXPORT_CLASS[m[K(hexapod_firmware::HexapodInterface, hardware_interface::SystemInterface)
      | [01;31m[K^~~~~~~~~~~~~~~~~~~~~~[m[K
[01m[K/home/bryan/hexapod_ws/src/hexapod_firmware/src/hexapod_interface.cpp:7:1:[m[K [01;36m[Knote: [m[Kto match this â€˜[01m[K{[m[Kâ€™
    7 | [01;36m[K{[m[K
      | [01;36m[K^[m[K
gmake[2]: *** [CMakeFiles/hexapod_firmware.dir/build.make:76: CMakeFiles/hexapod_firmware.dir/src/hexapod_interface.cpp.o] Error 1
gmake[1]: *** [CMakeFiles/Makefile2:137: CMakeFiles/hexapod_firmware.dir/all] Error 2
gmake: *** [Makefile:146: all] Error 2
