[0.024s] Invoking command in '/home/bryan/hexapod_ws/build/hexapod_firmware': CMAKE_PREFIX_PATH=${CMAKE_PREFIX_PATH}:/home/bryan/bumperbot_ws/install/bumperbot_py_examples:/opt/ros/humble /usr/bin/cmake /home/bryan/hexapod_ws/src/hexapod_firmware -DCMAKE_INSTALL_PREFIX=/home/bryan/hexapod_ws/install/hexapod_firmware
[0.163s] -- The C compiler identification is GNU 11.4.0
[0.273s] -- The CXX compiler identification is GNU 11.4.0
[0.283s] -- Detecting C compiler ABI info
[0.355s] -- Detecting C compiler ABI info - done
[0.360s] -- Check for working C compiler: /usr/bin/cc - skipped
[0.361s] -- Detecting C compile features
[0.361s] -- Detecting C compile features - done
[0.364s] -- Detecting CXX compiler ABI info
[0.437s] -- Detecting CXX compiler ABI info - done
[0.445s] -- Check for working CXX compiler: /usr/bin/c++ - skipped
[0.446s] -- Detecting CXX compile features
[0.447s] -- Detecting CXX compile features - done
[0.452s] -- Found ament_cmake: 1.3.10 (/opt/ros/humble/share/ament_cmake/cmake)
[0.594s] -- Found Python3: /usr/bin/python3 (found version "3.10.12") found components: Interpreter 
[0.709s] -- Found std_msgs: 4.2.4 (/opt/ros/humble/share/std_msgs/cmake)
[0.756s] -- Found rosidl_generator_c: 3.1.5 (/opt/ros/humble/share/rosidl_generator_c/cmake)
[0.763s] -- Found rosidl_adapter: 3.1.5 (/opt/ros/humble/share/rosidl_adapter/cmake)
[0.773s] -- Found rosidl_generator_cpp: 3.1.5 (/opt/ros/humble/share/rosidl_generator_cpp/cmake)
[0.786s] -- Using all available rosidl_typesupport_c: rosidl_typesupport_fastrtps_c;rosidl_typesupport_introspection_c
[0.804s] -- Using all available rosidl_typesupport_cpp: rosidl_typesupport_fastrtps_cpp;rosidl_typesupport_introspection_cpp
[0.830s] -- Found rclcpp_lifecycle: 16.0.10 (/opt/ros/humble/share/rclcpp_lifecycle/cmake)
[0.881s] -- Found rmw_implementation_cmake: 6.1.2 (/opt/ros/humble/share/rmw_implementation_cmake/cmake)
[0.885s] -- Found rmw_fastrtps_cpp: 6.2.7 (/opt/ros/humble/share/rmw_fastrtps_cpp/cmake)
[0.991s] -- Found OpenSSL: /usr/lib/x86_64-linux-gnu/libcrypto.so (found version "3.0.2")  
[1.024s] -- Found FastRTPS: /opt/ros/humble/include  
[1.065s] -- Using RMW implementation 'rmw_fastrtps_cpp' as default
[1.080s] -- Looking for pthread.h
[1.152s] -- Looking for pthread.h - found
[1.152s] -- Performing Test CMAKE_HAVE_LIBC_PTHREAD
[1.221s] -- Performing Test CMAKE_HAVE_LIBC_PTHREAD - Success
[1.222s] -- Found Threads: TRUE  
[1.285s] -- Found hardware_interface: 2.43.1 (/opt/ros/humble/share/hardware_interface/cmake)
[1.437s] -- Found PkgConfig: /usr/bin/pkg-config (found version "0.29.2") 
[1.437s] -- Checking for module 'libserial'
[1.455s] --   Found libserial, version 1.0.0
[1.561s] -- Configuring done
[1.596s] -- Generating done
[1.597s] -- Build files have been written to: /home/bryan/hexapod_ws/build/hexapod_firmware
[1.606s] Invoked command in '/home/bryan/hexapod_ws/build/hexapod_firmware' returned '0': CMAKE_PREFIX_PATH=${CMAKE_PREFIX_PATH}:/home/bryan/bumperbot_ws/install/bumperbot_py_examples:/opt/ros/humble /usr/bin/cmake /home/bryan/hexapod_ws/src/hexapod_firmware -DCMAKE_INSTALL_PREFIX=/home/bryan/hexapod_ws/install/hexapod_firmware
[1.606s] Invoking command in '/home/bryan/hexapod_ws/build/hexapod_firmware': CMAKE_PREFIX_PATH=${CMAKE_PREFIX_PATH}:/home/bryan/bumperbot_ws/install/bumperbot_py_examples:/opt/ros/humble /usr/bin/cmake --build /home/bryan/hexapod_ws/build/hexapod_firmware -- -j16 -l16
[1.654s] [ 50%] [32mBuilding CXX object CMakeFiles/hexapod_firmware.dir/src/hexapod_interface.cpp.o[0m
[3.186s] [01m[K/home/bryan/hexapod_ws/src/hexapod_firmware/src/hexapod_interface.cpp:[m[K In destructor â€˜[01m[Kvirtual hexapod_firmware::HexapodInterface::~HexapodInterface()[m[Kâ€™:
[3.186s] [01m[K/home/bryan/hexapod_ws/src/hexapod_firmware/src/hexapod_interface.cpp:15:7:[m[K [01;31m[Kerror: [m[Kâ€˜[01m[Karduino_[m[Kâ€™ was not declared in this scope
[3.186s]    15 |   if ([01;31m[Karduino_[m[K.IsOpen())
[3.186s]       |       [01;31m[K^~~~~~~~[m[K
[3.196s] [01m[K/home/bryan/hexapod_ws/src/hexapod_firmware/src/hexapod_interface.cpp:[m[K In member function â€˜[01m[Kvirtual hexapod_firmware::CallbackReturn hexapod_firmware::HexapodInterface::on_activate(const rclcpp_lifecycle::State&)[m[Kâ€™:
[3.196s] [01m[K/home/bryan/hexapod_ws/src/hexapod_firmware/src/hexapod_interface.cpp:100:5:[m[K [01;31m[Kerror: [m[Kâ€˜[01m[Karduino_[m[Kâ€™ was not declared in this scope
[3.196s]   100 |     [01;31m[Karduino_[m[K.Open(port_);
[3.196s]       |     [01;31m[K^~~~~~~~[m[K
[3.202s] [01m[K/home/bryan/hexapod_ws/src/hexapod_firmware/src/hexapod_interface.cpp:[m[K In member function â€˜[01m[Kvirtual hexapod_firmware::CallbackReturn hexapod_firmware::HexapodInterface::on_deactivate(const rclcpp_lifecycle::State&)[m[Kâ€™:
[3.202s] [01m[K/home/bryan/hexapod_ws/src/hexapod_firmware/src/hexapod_interface.cpp:120:7:[m[K [01;31m[Kerror: [m[Kâ€˜[01m[Karduino_[m[Kâ€™ was not declared in this scope
[3.202s]   120 |   if ([01;31m[Karduino_[m[K.IsOpen())
[3.202s]       |       [01;31m[K^~~~~~~~[m[K
[3.207s] [01m[K/home/bryan/hexapod_ws/src/hexapod_firmware/src/hexapod_interface.cpp:[m[K In member function â€˜[01m[Kvirtual hardware_interface::return_type hexapod_firmware::HexapodInterface::read(const rclcpp::Time&, const rclcpp::Duration&)[m[Kâ€™:
[3.207s] [01m[K/home/bryan/hexapod_ws/src/hexapod_firmware/src/hexapod_interface.cpp:171:7:[m[K [01;31m[Kerror: [m[Kâ€˜[01m[Karduino_[m[Kâ€™ was not declared in this scope
[3.207s]   171 |   if ([01;31m[Karduino_[m[K.IsDataAvailable()) {
[3.207s]       |       [01;31m[K^~~~~~~~[m[K
[3.207s] [01m[K/home/bryan/hexapod_ws/src/hexapod_firmware/src/hexapod_interface.cpp:183:20:[m[K [01;35m[Kwarning: [m[Kunused variable â€˜[01m[Kposition[m[Kâ€™ [[01;35m[K]8;;https://gcc.gnu.org/onlinedocs/gcc/Warning-Options.html#index-Wunused-variable-Wunused-variable]8;;[m[K]
[3.207s]   183 |             double [01;35m[Kposition[m[K = std::stod(value);
[3.207s]       |                    [01;35m[K^~~~~~~~[m[K
[3.207s] [01m[K/home/bryan/hexapod_ws/src/hexapod_firmware/src/hexapod_interface.cpp:172:10:[m[K [01;35m[Kwarning: [m[Kunused variable â€˜[01m[Kdt[m[Kâ€™ [[01;35m[K]8;;https://gcc.gnu.org/onlinedocs/gcc/Warning-Options.html#index-Wunused-variable-Wunused-variable]8;;[m[K]
[3.208s]   172 |     auto [01;35m[Kdt[m[K = (rclcpp::Clock().now() - last_run_).seconds();
[3.208s]       |          [01;35m[K^~[m[K
[3.212s] [01m[K/home/bryan/hexapod_ws/src/hexapod_firmware/src/hexapod_interface.cpp:[m[K In member function â€˜[01m[Kvirtual hardware_interface::return_type hexapod_firmware::HexapodInterface::write(const rclcpp::Time&, const rclcpp::Duration&)[m[Kâ€™:
[3.212s] [01m[K/home/bryan/hexapod_ws/src/hexapod_firmware/src/hexapod_interface.cpp:217:5:[m[K [01;31m[Kerror: [m[Kâ€˜[01m[Karduino_[m[Kâ€™ was not declared in this scope
[3.212s]   217 |     [01;31m[Karduino_[m[K.Write(message_stream.str());
[3.212s]       |     [01;31m[K^~~~~~~~[m[K
[3.214s] In file included from [01m[K/opt/ros/humble/include/class_loader/class_loader/class_loader.hpp:56[m[K,
[3.214s]                  from [01m[K/opt/ros/humble/include/pluginlib/pluginlib/class_list_macros.hpp:40[m[K,
[3.214s]                  from [01m[K/home/bryan/hexapod_ws/src/hexapod_firmware/src/hexapod_interface.cpp:3[m[K:
[3.214s] [01m[K/home/bryan/hexapod_ws/src/hexapod_firmware/src/hexapod_interface.cpp:[m[K At global scope:
[3.214s] [01m[K/home/bryan/hexapod_ws/src/hexapod_firmware/src/hexapod_interface.cpp:229:1:[m[K [01;31m[Kerror: [m[Kexpected â€˜[01m[K}[m[Kâ€™ at end of input
[3.214s]   229 | [01;31m[KPLUGINLIB_EXPORT_CLASS[m[K(hexapod_firmware::HexapodInterface, hardware_interface::SystemInterface)
[3.214s]       | [01;31m[K^~~~~~~~~~~~~~~~~~~~~~[m[K
[3.214s] [01m[K/home/bryan/hexapod_ws/src/hexapod_firmware/src/hexapod_interface.cpp:7:1:[m[K [01;36m[Knote: [m[Kto match this â€˜[01m[K{[m[Kâ€™
[3.214s]     7 | [01;36m[K{[m[K
[3.214s]       | [01;36m[K^[m[K
[3.565s] gmake[2]: *** [CMakeFiles/hexapod_firmware.dir/build.make:76: CMakeFiles/hexapod_firmware.dir/src/hexapod_interface.cpp.o] Error 1
[3.565s] gmake[1]: *** [CMakeFiles/Makefile2:137: CMakeFiles/hexapod_firmware.dir/all] Error 2
[3.566s] gmake: *** [Makefile:146: all] Error 2
[3.571s] Invoked command in '/home/bryan/hexapod_ws/build/hexapod_firmware' returned '2': CMAKE_PREFIX_PATH=${CMAKE_PREFIX_PATH}:/home/bryan/bumperbot_ws/install/bumperbot_py_examples:/opt/ros/humble /usr/bin/cmake --build /home/bryan/hexapod_ws/build/hexapod_firmware -- -j16 -l16
