[35m[1mConsolidate compiler generated dependencies of target inverse_kinematics[0m
[ 50%] [32mBuilding CXX object CMakeFiles/inverse_kinematics.dir/src/inverse_kinematics.cpp.o[0m
[01m[K/home/bryan/hexapod_ws/src/hexapod_controller/src/inverse_kinematics.cpp:[m[K In member function â€˜[01m[Kvoid HexapodIKNode::tipPosesCallback(std_msgs::msg::Float64MultiArray_<std::allocator<void> >::SharedPtr)[m[Kâ€™:
[01m[K/home/bryan/hexapod_ws/src/hexapod_controller/src/inverse_kinematics.cpp:34:46:[m[K [01;31m[Kerror: [m[Kâ€˜[01m[KPI[m[Kâ€™ was not declared in this scope
   34 |             double J1 = atan(X / Y) * (180 / [01;31m[KPI[m[K);
      |                                              [01;31m[K^~[m[K
[01m[K/home/bryan/hexapod_ws/src/hexapod_controller/src/inverse_kinematics.cpp:30:20:[m[K [01;35m[Kwarning: [m[Kunused variable â€˜[01m[KJ1L[m[Kâ€™ [[01;35m[K]8;;https://gcc.gnu.org/onlinedocs/gcc/Warning-Options.html#index-Wunused-variable-Wunused-variable]8;;[m[K]
   30 |             double [01;35m[KJ1L[m[K = coxa_length;
      |                    [01;35m[K^~~[m[K
gmake[2]: *** [CMakeFiles/inverse_kinematics.dir/build.make:76: CMakeFiles/inverse_kinematics.dir/src/inverse_kinematics.cpp.o] Error 1
gmake[1]: *** [CMakeFiles/Makefile2:137: CMakeFiles/inverse_kinematics.dir/all] Error 2
gmake: *** [Makefile:146: all] Error 2
