[0.014s] Invoking command in '/home/bryan/hexapod_ws/build/hexapod_controller': CMAKE_PREFIX_PATH=${CMAKE_PREFIX_PATH}:/opt/ros/humble /usr/bin/cmake --build /home/bryan/hexapod_ws/build/hexapod_controller -- -j16 -l16
[0.054s] [35m[1mConsolidate compiler generated dependencies of target inverse_kinematics[0m
[0.069s] [ 50%] [32mBuilding CXX object CMakeFiles/inverse_kinematics.dir/src/inverse_kinematics.cpp.o[0m
[1.467s] [01m[K/home/bryan/hexapod_ws/src/hexapod_controller/src/inverse_kinematics.cpp:[m[K In member function â€˜[01m[Kvoid HexapodIKNode::tipPosesCallback(std_msgs::msg::Float64MultiArray_<std::allocator<void> >::SharedPtr)[m[Kâ€™:
[1.467s] [01m[K/home/bryan/hexapod_ws/src/hexapod_controller/src/inverse_kinematics.cpp:38:24:[m[K [01;35m[Kwarning: [m[Kunused variable â€˜[01m[KJ1L[m[Kâ€™ [[01;35m[K]8;;https://gcc.gnu.org/onlinedocs/gcc/Warning-Options.html#index-Wunused-variable-Wunused-variable]8;;[m[K]
[1.467s]    38 |                 double [01;35m[KJ1L[m[K = coxa_length;
[1.467s]       |                        [01;35m[K^~~[m[K
[1.470s] In file included from [01m[K/opt/ros/humble/include/rclcpp/rclcpp/logging.hpp:24[m[K,
[1.470s]                  from [01m[K/opt/ros/humble/include/rclcpp/rclcpp/client.hpp:40[m[K,
[1.470s]                  from [01m[K/opt/ros/humble/include/rclcpp/rclcpp/callback_group.hpp:24[m[K,
[1.470s]                  from [01m[K/opt/ros/humble/include/rclcpp/rclcpp/any_executable.hpp:20[m[K,
[1.470s]                  from [01m[K/opt/ros/humble/include/rclcpp/rclcpp/memory_strategy.hpp:25[m[K,
[1.470s]                  from [01m[K/opt/ros/humble/include/rclcpp/rclcpp/memory_strategies.hpp:18[m[K,
[1.470s]                  from [01m[K/opt/ros/humble/include/rclcpp/rclcpp/executor_options.hpp:20[m[K,
[1.470s]                  from [01m[K/opt/ros/humble/include/rclcpp/rclcpp/executor.hpp:37[m[K,
[1.470s]                  from [01m[K/opt/ros/humble/include/rclcpp/rclcpp/executors/multi_threaded_executor.hpp:25[m[K,
[1.471s]                  from [01m[K/opt/ros/humble/include/rclcpp/rclcpp/executors.hpp:21[m[K,
[1.471s]                  from [01m[K/opt/ros/humble/include/rclcpp/rclcpp/rclcpp.hpp:155[m[K,
[1.471s]                  from [01m[K/home/bryan/hexapod_ws/src/hexapod_controller/src/inverse_kinematics.cpp:1[m[K:
[1.471s] [01m[K/home/bryan/hexapod_ws/src/hexapod_controller/src/inverse_kinematics.cpp:61:85:[m[K [01;31m[Kerror: [m[Kâ€˜[01m[KJ1[m[Kâ€™ was not declared in this scope; did you mean â€˜[01m[Kj1[m[Kâ€™?
[1.471s]    61 |          RCLCPP_INFO(this->get_logger(),"LEG: %d : J1 %.2f J2 %.2f J3 %.2f",i+1, [01;31m[KJ1[m[K, J2, J3);
[1.471s]       |                                                                                  [01;31m[K^~[m[K
[1.471s] 
[1.473s] [01m[K/home/bryan/hexapod_ws/src/hexapod_controller/src/inverse_kinematics.cpp:61:89:[m[K [01;31m[Kerror: [m[Kâ€˜[01m[KJ2[m[Kâ€™ was not declared in this scope
[1.473s]    61 |         RCLCPP_INFO(this->get_logger(),"LEG: %d : J1 %.2f J2 %.2f J3 %.2f",i+1, J1, [01;31m[KJ2[m[K, J3);
[1.473s]       |                                                                                     [01;31m[K^~[m[K
[1.473s] 
[1.475s] [01m[K/home/bryan/hexapod_ws/src/hexapod_controller/src/inverse_kinematics.cpp:61:93:[m[K [01;31m[Kerror: [m[Kâ€˜[01m[KJ3[m[Kâ€™ was not declared in this scope
[1.475s]    61 |         RCLCPP_INFO(this->get_logger(),"LEG: %d : J1 %.2f J2 %.2f J3 %.2f",i+1, J1, J2, [01;31m[KJ3[m[K);
[1.475s]       |                                                                                         [01;31m[K^~[m[K
[1.475s] 
[2.979s] gmake[2]: *** [CMakeFiles/inverse_kinematics.dir/build.make:76: CMakeFiles/inverse_kinematics.dir/src/inverse_kinematics.cpp.o] Error 1
[2.980s] gmake[1]: *** [CMakeFiles/Makefile2:137: CMakeFiles/inverse_kinematics.dir/all] Error 2
[2.980s] gmake: *** [Makefile:146: all] Error 2
[2.982s] Invoked command in '/home/bryan/hexapod_ws/build/hexapod_controller' returned '2': CMAKE_PREFIX_PATH=${CMAKE_PREFIX_PATH}:/opt/ros/humble /usr/bin/cmake --build /home/bryan/hexapod_ws/build/hexapod_controller -- -j16 -l16
