[0.023s] Invoking command in '/home/bryan/hexapod_ws/build/hexapod_controller': CMAKE_PREFIX_PATH=${CMAKE_PREFIX_PATH}:/opt/ros/humble /usr/bin/cmake --build /home/bryan/hexapod_ws/build/hexapod_controller -- -j16 -l16
[0.084s] [35m[1mConsolidate compiler generated dependencies of target inverse_kinematics[0m
[0.105s] [ 50%] [32mBuilding CXX object CMakeFiles/inverse_kinematics.dir/src/inverse_kinematics.cpp.o[0m
[2.663s] [01m[K/home/bryan/hexapod_ws/src/hexapod_controller/src/inverse_kinematics.cpp:[m[K In member function â€˜[01m[Kvoid HexapodIKNode::tipPosesCallback(std_msgs::msg::Float64MultiArray_<std::allocator<void> >::SharedPtr)[m[Kâ€™:
[2.663s] [01m[K/home/bryan/hexapod_ws/src/hexapod_controller/src/inverse_kinematics.cpp:41:40:[m[K [01;31m[Kerror: [m[Kâ€˜[01m[Kservo_no[m[Kâ€™ was not declared in this scope
[2.663s]    41 |             UpdatePosition(J1, J2, J3, [01;31m[Kservo_no[m[K);
[2.663s]       |                                        [01;31m[K^~~~~~~~[m[K
[2.671s] [01m[K/home/bryan/hexapod_ws/src/hexapod_controller/src/inverse_kinematics.cpp:41:13:[m[K [01;31m[Kerror: [m[Kâ€˜[01m[KUpdatePosition[m[Kâ€™ was not declared in this scope
[2.671s]    41 |             [01;31m[KUpdatePosition[m[K(J1, J2, J3, servo_no);
[2.671s]       |             [01;31m[K^~~~~~~~~~~~~~[m[K
[2.671s] [01m[K/home/bryan/hexapod_ws/src/hexapod_controller/src/inverse_kinematics.cpp:47:13:[m[K [01;31m[Kerror: [m[Kexpected â€˜[01m[K;[m[Kâ€™ before â€˜[01m[Kstd_msgs[m[Kâ€™
[2.671s]    47 |             [01;31m[Kstd_msgs[m[K::msg::Float64MultiArray cmd;
[2.671s]       |             [01;31m[K^~~~~~~~[m[K
[2.677s] [01m[K/home/bryan/hexapod_ws/src/hexapod_controller/src/inverse_kinematics.cpp:48:13:[m[K [01;31m[Kerror: [m[Kâ€˜[01m[Kcmd[m[Kâ€™ was not declared in this scope
[2.677s]    48 |             [01;31m[Kcmd[m[K.data = {J1, J2, J3, 1, 1, 1, 1, 1, 1, 1, 1, 1, 1, 1, 1, 1, 1, 1}
[2.677s]       |             [01;31m[K^~~[m[K
[5.601s] gmake[2]: *** [CMakeFiles/inverse_kinematics.dir/build.make:76: CMakeFiles/inverse_kinematics.dir/src/inverse_kinematics.cpp.o] Error 1
[5.601s] gmake[1]: *** [CMakeFiles/Makefile2:137: CMakeFiles/inverse_kinematics.dir/all] Error 2
[5.601s] gmake: *** [Makefile:146: all] Error 2
[5.606s] Invoked command in '/home/bryan/hexapod_ws/build/hexapod_controller' returned '2': CMAKE_PREFIX_PATH=${CMAKE_PREFIX_PATH}:/opt/ros/humble /usr/bin/cmake --build /home/bryan/hexapod_ws/build/hexapod_controller -- -j16 -l16
