[0.097s] Invoking command in '/home/bryan/hexapod_ws/build/hexapod_utils': CMAKE_PREFIX_PATH=${CMAKE_PREFIX_PATH}:/home/bryan/bumperbot_ws/install/bumperbot_py_examples:/opt/ros/humble /usr/bin/cmake --build /home/bryan/hexapod_ws/build/hexapod_utils -- -j16 -l16
[0.225s] [35m[1mConsolidate compiler generated dependencies of target float_32_republisher[0m
[0.285s] [ 50%] [32mBuilding CXX object CMakeFiles/float_32_republisher.dir/src/float_32_republisher.cpp.o[0m
[5.992s] [01m[K/home/bryan/hexapod_ws/src/hexapod_utils/src/float_32_republisher.cpp:40:38:[m[K [01;31m[Kerror: [m[Kâ€˜[01m[KFloat32MultiArray[m[Kâ€™ is not a member of â€˜[01m[Kstd_msgs::msg[m[Kâ€™
[5.992s]    40 |     rclcpp::Publisher<std_msgs::msg::[01;31m[KFloat32MultiArray[m[K>::SharedPtr publisher_;
[5.992s]       |                                      [01;31m[K^~~~~~~~~~~~~~~~~[m[K
[5.992s] [01m[K/home/bryan/hexapod_ws/src/hexapod_utils/src/float_32_republisher.cpp:40:55:[m[K [01;31m[Kerror: [m[Ktemplate argument 1 is invalid
[5.993s]    40 |     rclcpp::Publisher<std_msgs::msg::Float32MultiArray[01;31m[K>[m[K::SharedPtr publisher_;
[5.993s]       |                                                       [01;31m[K^[m[K
[5.993s] [01m[K/home/bryan/hexapod_ws/src/hexapod_utils/src/float_32_republisher.cpp:40:58:[m[K [01;31m[Kerror: [m[Kexpected â€˜[01m[K;[m[Kâ€™ at end of member declaration
[5.993s]    40 |     rclcpp::Publisher<std_msgs::msg::Float32MultiArray>::[01;31m[KSharedPtr[m[K publisher_;
[5.993s]       |                                                          [01;31m[K^~~~~~~~~[m[K
[5.994s]       |                                                                   [32m[K;[m[K
[5.995s] [01m[K/home/bryan/hexapod_ws/src/hexapod_utils/src/float_32_republisher.cpp:40:68:[m[K [01;31m[Kerror: [m[Kâ€˜[01m[Kpublisher_[m[Kâ€™ does not name a type; did you mean â€˜[01m[Krmw_publisher_t[m[Kâ€™?
[5.996s]    40 |     rclcpp::Publisher<std_msgs::msg::Float32MultiArray>::SharedPtr [01;31m[Kpublisher_[m[K;
[5.996s]       |                                                                    [01;31m[K^~~~~~~~~~[m[K
[5.996s]       |                                                                    [32m[Krmw_publisher_t[m[K
[5.997s] [01m[K/home/bryan/hexapod_ws/src/hexapod_utils/src/float_32_republisher.cpp:41:41:[m[K [01;31m[Kerror: [m[Kâ€˜[01m[KFloat64MultiArray[m[Kâ€™ is not a member of â€˜[01m[Kstd_msgs::msg[m[Kâ€™
[5.997s]    41 |     rclcpp::Subscription<std_msgs::msg::[01;31m[KFloat64MultiArray[m[K>::SharedPtr subscription_;
[5.997s]       |                                         [01;31m[K^~~~~~~~~~~~~~~~~[m[K
[5.997s] [01m[K/home/bryan/hexapod_ws/src/hexapod_utils/src/float_32_republisher.cpp:41:58:[m[K [01;31m[Kerror: [m[Ktemplate argument 1 is invalid
[5.998s]    41 |     rclcpp::Subscription<std_msgs::msg::Float64MultiArray[01;31m[K>[m[K::SharedPtr subscription_;
[5.998s]       |                                                          [01;31m[K^[m[K
[5.998s] [01m[K/home/bryan/hexapod_ws/src/hexapod_utils/src/float_32_republisher.cpp:41:58:[m[K [01;31m[Kerror: [m[Ktemplate argument 3 is invalid
[5.998s] [01m[K/home/bryan/hexapod_ws/src/hexapod_utils/src/float_32_republisher.cpp:41:58:[m[K [01;31m[Kerror: [m[Ktemplate argument 4 is invalid
[5.998s] [01m[K/home/bryan/hexapod_ws/src/hexapod_utils/src/float_32_republisher.cpp:41:58:[m[K [01;31m[Kerror: [m[Ktemplate argument 5 is invalid
[5.998s] [01m[K/home/bryan/hexapod_ws/src/hexapod_utils/src/float_32_republisher.cpp:41:61:[m[K [01;31m[Kerror: [m[Kexpected â€˜[01m[K;[m[Kâ€™ at end of member declaration
[5.999s]    41 |     rclcpp::Subscription<std_msgs::msg::Float64MultiArray>::[01;31m[KSharedPtr[m[K subscription_;
[5.999s]       |                                                             [01;31m[K^~~~~~~~~[m[K
[5.999s]       |                                                                      [32m[K;[m[K
[5.999s] [01m[K/home/bryan/hexapod_ws/src/hexapod_utils/src/float_32_republisher.cpp:41:61:[m[K [01;31m[Kerror: [m[Kredeclaration of â€˜[01m[Kint RepublisherNode::SharedPtr[m[Kâ€™
[6.000s] [01m[K/home/bryan/hexapod_ws/src/hexapod_utils/src/float_32_republisher.cpp:40:58:[m[K [01;36m[Knote: [m[Kprevious declaration â€˜[01m[Kint RepublisherNode::SharedPtr[m[Kâ€™
[6.000s]    40 |     rclcpp::Publisher<std_msgs::msg::Float32MultiArray>::[01;36m[KSharedPtr[m[K publisher_;
[6.000s]       |                                                          [01;36m[K^~~~~~~~~[m[K
[6.001s] [01m[K/home/bryan/hexapod_ws/src/hexapod_utils/src/float_32_republisher.cpp:41:71:[m[K [01;31m[Kerror: [m[Kâ€˜[01m[Ksubscription_[m[Kâ€™ does not name a type; did you mean â€˜[01m[Krmw_subscription_t[m[Kâ€™?
[6.001s]    41 |     rclcpp::Subscription<std_msgs::msg::Float64MultiArray>::SharedPtr [01;31m[Ksubscription_[m[K;
[6.002s]       |                                                                       [01;31m[K^~~~~~~~~~~~~[m[K
[6.002s]       |                                                                       [32m[Krmw_subscription_t[m[K
[6.016s] [01m[K/home/bryan/hexapod_ws/src/hexapod_utils/src/float_32_republisher.cpp:[m[K In constructor â€˜[01m[KRepublisherNode::RepublisherNode()[m[Kâ€™:
[6.016s] [01m[K/home/bryan/hexapod_ws/src/hexapod_utils/src/float_32_republisher.cpp:14:9:[m[K [01;31m[Kerror: [m[Kâ€˜[01m[Kpublisher_[m[Kâ€™ was not declared in this scope; did you mean â€˜[01m[Krmw_publisher_t[m[Kâ€™?
[6.016s]    14 |         [01;31m[Kpublisher_[m[K = this->create_publisher<std_msgs::msg::Float32MultiArray>("/esp/float32array_sub", 10);
[6.016s]       |         [01;31m[K^~~~~~~~~~[m[K
[6.017s]       |         [32m[Krmw_publisher_t[m[K
[6.018s] [01m[K/home/bryan/hexapod_ws/src/hexapod_utils/src/float_32_republisher.cpp:14:60:[m[K [01;31m[Kerror: [m[Kâ€˜[01m[KFloat32MultiArray[m[Kâ€™ is not a member of â€˜[01m[Kstd_msgs::msg[m[Kâ€™
[6.019s]    14 |         publisher_ = this->create_publisher<std_msgs::msg::[01;31m[KFloat32MultiArray[m[K>("/esp/float32array_sub", 10);
[6.019s]       |                                                            [01;31m[K^~~~~~~~~~~~~~~~~[m[K
[6.019s] [01m[K/home/bryan/hexapod_ws/src/hexapod_utils/src/float_32_republisher.cpp:14:78:[m[K [01;31m[Kerror: [m[Kno matching function for call to â€˜[01m[KRepublisherNode::create_publisher<<expression error> >(const char [22], int)[m[Kâ€™
[6.019s]    14 |       publisher_ = [01;31m[Kthis->create_publisher<std_msgs::msg::Float32MultiArray>("/esp/float32array_sub", 10)[m[K;
[6.019s]       |                    [01;31m[K~~~~~~~~~~~~~~~~~~~~~~~~~~~~~~~~~~~~~~~~~~~~~~~~~~~~~~~~^~~~~~~~~~~~~~~~~~~~~~~~~~~~~[m[K
[6.019s] 
[6.019s] In file included from [01m[K/opt/ros/humble/include/rclcpp/rclcpp/executors/single_threaded_executor.hpp:28[m[K,
[6.019s]                  from [01m[K/opt/ros/humble/include/rclcpp/rclcpp/executors.hpp:22[m[K,
[6.019s]                  from [01m[K/opt/ros/humble/include/rclcpp/rclcpp/rclcpp.hpp:155[m[K,
[6.019s]                  from [01m[K/home/bryan/hexapod_ws/src/hexapod_utils/src/float_32_republisher.cpp:1[m[K:
[6.019s] [01m[K/opt/ros/humble/include/rclcpp/rclcpp/node.hpp:195:3:[m[K [01;36m[Knote: [m[Kcandidate: â€˜[01m[Ktemplate<class MessageT, class AllocatorT, class PublisherT> std::shared_ptr<PublisherT> rclcpp::Node::create_publisher(const string&, const rclcpp::QoS&, const rclcpp::PublisherOptionsWithAllocator<AllocatorT>&)[m[Kâ€™
[6.019s]   195 |   [01;36m[Kcreate_publisher[m[K(
[6.019s]       |   [01;36m[K^~~~~~~~~~~~~~~~[m[K
[6.019s] [01m[K/opt/ros/humble/include/rclcpp/rclcpp/node.hpp:195:3:[m[K [01;36m[Knote: [m[K  template argument deduction/substitution failed:
[6.019s] [01m[K/home/bryan/hexapod_ws/src/hexapod_utils/src/float_32_republisher.cpp:14:78:[m[K [01;31m[Kerror: [m[Ktemplate argument 1 is invalid
[6.020s]    14 |       publisher_ = [01;31m[Kthis->create_publisher<std_msgs::msg::Float32MultiArray>("/esp/float32array_sub", 10)[m[K;
[6.020s]       |                    [01;31m[K~~~~~~~~~~~~~~~~~~~~~~~~~~~~~~~~~~~~~~~~~~~~~~~~~~~~~~~~^~~~~~~~~~~~~~~~~~~~~~~~~~~~~[m[K
[6.020s] 
[6.034s] [01m[K/home/bryan/hexapod_ws/src/hexapod_utils/src/float_32_republisher.cpp:17:9:[m[K [01;31m[Kerror: [m[Kâ€˜[01m[Ksubscription_[m[Kâ€™ was not declared in this scope; did you mean â€˜[01m[Krmw_subscription_t[m[Kâ€™?
[6.034s]    17 |         [01;31m[Ksubscription_[m[K = this->create_subscription<std_msgs::msg::Float64MultiArray>(
[6.034s]       |         [01;31m[K^~~~~~~~~~~~~[m[K
[6.035s]       |         [32m[Krmw_subscription_t[m[K
[6.038s] [01m[K/home/bryan/hexapod_ws/src/hexapod_utils/src/float_32_republisher.cpp:17:66:[m[K [01;31m[Kerror: [m[Kâ€˜[01m[KFloat64MultiArray[m[Kâ€™ is not a member of â€˜[01m[Kstd_msgs::msg[m[Kâ€™
[6.038s]    17 |         subscription_ = this->create_subscription<std_msgs::msg::[01;31m[KFloat64MultiArray[m[K>(
[6.038s]       |                                                                  [01;31m[K^~~~~~~~~~~~~~~~~[m[K
[6.053s] [01m[K/home/bryan/hexapod_ws/src/hexapod_utils/src/float_32_republisher.cpp:17:84:[m[K [01;31m[Kerror: [m[Kno matching function for call to â€˜[01m[KRepublisherNode::create_subscription<<expression error> >(const char [37], int, std::_Bind_helper<false, void (RepublisherNode::*)(std::shared_ptr<std_msgs::msg::String_<std::allocator<void> > >), RepublisherNode*, int>::type)[m[Kâ€™
[6.053s]    17 |         subscription_ = [01;31m[Kthis->create_subscription<std_msgs::msg::Float64MultiArray>([m[K
[6.053s]       |                         [01;31m[K~~~~~~~~~~~~~~~~~~~~~~~~~~~~~~~~~~~~~~~~~~~~~~~~~~~~~~~~~~~^[m[K
[6.053s]    18 | [01;31m[K            "/simple_position_controller/commands", 10,[m[K
[6.054s]       |             [01;31m[K~~~~~~~~~~~~~~~~~~~~~~~~~~~~~~~~~~~~~~~~~~~[m[K                             
[6.054s]    19 | [01;31m[K            std::bind(&RepublisherNode::callback, this, 1))[m[K;
[6.054s]       |             [01;31m[K~~~~~~~~~~~~~~~~~~~~~~~~~~~~~~~~~~~~~~~~~~~~~~~[m[K                         
[6.054s] In file included from [01m[K/opt/ros/humble/include/rclcpp/rclcpp/executors/single_threaded_executor.hpp:28[m[K,
[6.054s]                  from [01m[K/opt/ros/humble/include/rclcpp/rclcpp/executors.hpp:22[m[K,
[6.054s]                  from [01m[K/opt/ros/humble/include/rclcpp/rclcpp/rclcpp.hpp:155[m[K,
[6.054s]                  from [01m[K/home/bryan/hexapod_ws/src/hexapod_utils/src/float_32_republisher.cpp:1[m[K:
[6.054s] [01m[K/opt/ros/humble/include/rclcpp/rclcpp/node.hpp:219:3:[m[K [01;36m[Knote: [m[Kcandidate: â€˜[01m[Ktemplate<class MessageT, class CallbackT, class AllocatorT, class SubscriptionT, class MessageMemoryStrategyT> std::shared_ptr<ROSMessageT> rclcpp::Node::create_subscription(const string&, const rclcpp::QoS&, CallbackT&&, const rclcpp::SubscriptionOptionsWithAllocator<AllocatorT>&, typename MessageMemoryStrategyT::SharedPtr)[m[Kâ€™
[6.054s]   219 |   [01;36m[Kcreate_subscription[m[K(
[6.054s]       |   [01;36m[K^~~~~~~~~~~~~~~~~~~[m[K
[6.054s] [01m[K/opt/ros/humble/include/rclcpp/rclcpp/node.hpp:219:3:[m[K [01;36m[Knote: [m[K  template argument deduction/substitution failed:
[6.054s] [01m[K/home/bryan/hexapod_ws/src/hexapod_utils/src/float_32_republisher.cpp:17:84:[m[K [01;31m[Kerror: [m[Ktemplate argument 1 is invalid
[6.055s]    17 |         subscription_ = [01;31m[Kthis->create_subscription<std_msgs::msg::Float64MultiArray>([m[K
[6.055s]       |                         [01;31m[K~~~~~~~~~~~~~~~~~~~~~~~~~~~~~~~~~~~~~~~~~~~~~~~~~~~~~~~~~~~^[m[K
[6.055s]    18 | [01;31m[K            "/simple_position_controller/commands", 10,[m[K
[6.055s]       |             [01;31m[K~~~~~~~~~~~~~~~~~~~~~~~~~~~~~~~~~~~~~~~~~~~[m[K                             
[6.055s]    19 | [01;31m[K            std::bind(&RepublisherNode::callback, this, 1))[m[K;
[6.055s]       |             [01;31m[K~~~~~~~~~~~~~~~~~~~~~~~~~~~~~~~~~~~~~~~~~~~~~~~[m[K                         
[6.064s] [01m[K/home/bryan/hexapod_ws/src/hexapod_utils/src/float_32_republisher.cpp:[m[K In member function â€˜[01m[Kvoid RepublisherNode::callback(std_msgs::msg::String_<std::allocator<void> >::SharedPtr)[m[Kâ€™:
[6.064s] [01m[K/home/bryan/hexapod_ws/src/hexapod_utils/src/float_32_republisher.cpp:29:39:[m[K [01;31m[Kerror: [m[Kâ€˜[01m[KFloat32MultiArray[m[Kâ€™ is not a member of â€˜[01m[Kstd_msgs::msg[m[Kâ€™
[6.064s]    29 |         auto new_msg = std_msgs::msg::[01;31m[KFloat32MultiArray[m[K();
[6.064s]       |                                       [01;31m[K^~~~~~~~~~~~~~~~~[m[K
[6.074s] [01m[K/home/bryan/hexapod_ws/src/hexapod_utils/src/float_32_republisher.cpp:31:13:[m[K [01;31m[Kerror: [m[Kâ€˜[01m[Ki[m[Kâ€™ was not declared in this scope
[6.075s]    31 |         for([01;31m[Ki[m[K=0 ; i<18 i++){
[6.075s]       |             [01;31m[K^[m[K
[6.075s] [01m[K/home/bryan/hexapod_ws/src/hexapod_utils/src/float_32_republisher.cpp:31:24:[m[K [01;31m[Kerror: [m[Kexpected â€˜[01m[K;[m[Kâ€™ before â€˜[01m[Ki[m[Kâ€™
[6.075s]    31 |         for(i=0 ; i<18 [01;31m[Ki[m[K++){
[6.075s]       |                        [01;31m[K^[m[K
[6.086s] [01m[K/home/bryan/hexapod_ws/src/hexapod_utils/src/float_32_republisher.cpp:36:9:[m[K [01;31m[Kerror: [m[Kâ€˜[01m[Kpublisher_[m[Kâ€™ was not declared in this scope; did you mean â€˜[01m[Krmw_publisher_t[m[Kâ€™?
[6.087s]    36 |         [01;31m[Kpublisher_[m[K->publish(new_msg);
[6.087s]       |         [01;31m[K^~~~~~~~~~[m[K
[6.087s]       |         [32m[Krmw_publisher_t[m[K
[7.149s] gmake[2]: *** [CMakeFiles/float_32_republisher.dir/build.make:76: CMakeFiles/float_32_republisher.dir/src/float_32_republisher.cpp.o] Error 1
[7.149s] gmake[1]: *** [CMakeFiles/Makefile2:137: CMakeFiles/float_32_republisher.dir/all] Error 2
[7.150s] gmake: *** [Makefile:146: all] Error 2
[7.159s] Invoked command in '/home/bryan/hexapod_ws/build/hexapod_utils' returned '2': CMAKE_PREFIX_PATH=${CMAKE_PREFIX_PATH}:/home/bryan/bumperbot_ws/install/bumperbot_py_examples:/opt/ros/humble /usr/bin/cmake --build /home/bryan/hexapod_ws/build/hexapod_utils -- -j16 -l16
