[35m[1mConsolidate compiler generated dependencies of target inverse_kinematics[0m
[ 50%] Built target tip_trajectory_generator
[ 50%] Built target body_pose_generator
[ 75%] Built target tip_pose_generator
[ 87%] [32mBuilding CXX object CMakeFiles/inverse_kinematics.dir/src/inverse_kinematics.cpp.o[0m
[01m[K/home/bryan/hexapod_ws/src/hexapod_controller/src/inverse_kinematics.cpp:[m[K In member function â€˜[01m[Kvoid HexapodIKNode::tipPosesCallback(std_msgs::msg::Float64MultiArray_<std::allocator<void> >::SharedPtr)[m[Kâ€™:
[01m[K/home/bryan/hexapod_ws/src/hexapod_controller/src/inverse_kinematics.cpp:38:24:[m[K [01;35m[Kwarning: [m[Kunused variable â€˜[01m[KJ1L[m[Kâ€™ [[01;35m[K]8;;https://gcc.gnu.org/onlinedocs/gcc/Warning-Options.html#index-Wunused-variable-Wunused-variable]8;;[m[K]
   38 |                 double [01;35m[KJ1L[m[K = coxa_length;
      |                        [01;35m[K^~~[m[K
In file included from [01m[K/opt/ros/humble/include/rclcpp/rclcpp/logging.hpp:24[m[K,
                 from [01m[K/opt/ros/humble/include/rclcpp/rclcpp/client.hpp:40[m[K,
                 from [01m[K/opt/ros/humble/include/rclcpp/rclcpp/callback_group.hpp:24[m[K,
                 from [01m[K/opt/ros/humble/include/rclcpp/rclcpp/any_executable.hpp:20[m[K,
                 from [01m[K/opt/ros/humble/include/rclcpp/rclcpp/memory_strategy.hpp:25[m[K,
                 from [01m[K/opt/ros/humble/include/rclcpp/rclcpp/memory_strategies.hpp:18[m[K,
                 from [01m[K/opt/ros/humble/include/rclcpp/rclcpp/executor_options.hpp:20[m[K,
                 from [01m[K/opt/ros/humble/include/rclcpp/rclcpp/executor.hpp:37[m[K,
                 from [01m[K/opt/ros/humble/include/rclcpp/rclcpp/executors/multi_threaded_executor.hpp:25[m[K,
                 from [01m[K/opt/ros/humble/include/rclcpp/rclcpp/executors.hpp:21[m[K,
                 from [01m[K/opt/ros/humble/include/rclcpp/rclcpp/rclcpp.hpp:155[m[K,
                 from [01m[K/home/bryan/hexapod_ws/src/hexapod_controller/src/inverse_kinematics.cpp:1[m[K:
[01m[K/home/bryan/hexapod_ws/src/hexapod_controller/src/inverse_kinematics.cpp:60:113:[m[K [01;31m[Kerror: [m[Kâ€˜[01m[KJ1[m[Kâ€™ was not declared in this scope; did you mean â€˜[01m[Kj1[m[Kâ€™?
   60 | his->get_logger(),"LEG: %d :xyz (%.2f, %.2f, %.2f) J1 %.2f J2 %.2f J3 %.2f",i+1,X,Y,Z, [01;31m[KJ1[m[K, J2, J3);
      |                                                                                        [01;31m[K^~[m[K

[01m[K/home/bryan/hexapod_ws/src/hexapod_controller/src/inverse_kinematics.cpp:60:117:[m[K [01;31m[Kerror: [m[Kâ€˜[01m[KJ2[m[Kâ€™ was not declared in this scope
   60 | is->get_logger(),"LEG: %d :xyz (%.2f, %.2f, %.2f) J1 %.2f J2 %.2f J3 %.2f",i+1,X,Y,Z, J1, [01;31m[KJ2[m[K, J3);
      |                                                                                           [01;31m[K^~[m[K

[01m[K/home/bryan/hexapod_ws/src/hexapod_controller/src/inverse_kinematics.cpp:60:121:[m[K [01;31m[Kerror: [m[Kâ€˜[01m[KJ3[m[Kâ€™ was not declared in this scope
   60 | is->get_logger(),"LEG: %d :xyz (%.2f, %.2f, %.2f) J1 %.2f J2 %.2f J3 %.2f",i+1,X,Y,Z, J1, J2, [01;31m[KJ3[m[K);
      |                                                                                               [01;31m[K^~[m[K

gmake[2]: *** [CMakeFiles/inverse_kinematics.dir/build.make:76: CMakeFiles/inverse_kinematics.dir/src/inverse_kinematics.cpp.o] Error 1
gmake[1]: *** [CMakeFiles/Makefile2:143: CMakeFiles/inverse_kinematics.dir/all] Error 2
gmake: *** [Makefile:146: all] Error 2
