[0.019s] Invoking command in '/home/bryan/hexapod_ws/build/hexapod_controller': CMAKE_PREFIX_PATH=/home/bryan/hexapod_ws/install/hexapod_interfaces:/home/bryan/pico_ws/install/whycon:/home/bryan/pico_ws/install/swift_pico:/home/bryan/pico_ws/install/waypoint_navigation:/home/bryan/pico_ws/install/swift_pico_description:/home/bryan/pico_ws/install/rotors_swift_interface:/home/bryan/pico_ws/install/swift_msgs:/home/bryan/pico_ws/install/rotors_swift_gazebo:/home/bryan/pico_ws/install/rotors_swift_description:/home/bryan/pico_ws/install/rotors_control:/home/bryan/pico_ws/install/pid_tune:/home/bryan/pico_ws/install/pid_msg:/home/bryan/pico_ws/install/mav_comm:/home/bryan/pico_ws/install/mav_system_msgs:/home/bryan/pico_ws/install/mav_state_machine_msgs:/home/bryan/pico_ws/install/mav_planning_msgs:/home/bryan/pico_ws/install/mav_msgs:/home/bryan/hexapod_ws/install/hexapod_utils:/home/bryan/hexapod_ws/install/hexapod_kinematics:/home/bryan/hexapod_ws/install/hexapod_controller:/home/bryan/hexapod_ws/install/hexapod_description:/home/bryan/turtlesim_ws/install/turtlesim:/opt/ros/humble LD_LIBRARY_PATH=/home/bryan/hexapod_ws/install/hexapod_interfaces/lib:/home/bryan/pico_ws/install/whycon/lib:/home/bryan/pico_ws/install/waypoint_navigation/lib:/home/bryan/pico_ws/install/rotors_control/lib:/home/bryan/pico_ws/install/mav_planning_msgs/lib:/home/bryan/turtlesim_ws/install/turtlesim/lib:/usr/lib/x86_64-linux-gnu/gazebo-11/plugins:/usr/local/lib:/home/bryan/pico_ws/install/swift_msgs/lib:/home/bryan/pico_ws/install/pid_msg/lib:/home/bryan/pico_ws/install/mav_system_msgs/lib:/home/bryan/pico_ws/install/mav_state_machine_msgs/lib:/home/bryan/pico_ws/install/mav_msgs/lib:/opt/ros/humble/opt/rviz_ogre_vendor/lib:/opt/ros/humble/lib/x86_64-linux-gnu:/opt/ros/humble/lib /usr/bin/cmake --build /home/bryan/hexapod_ws/build/hexapod_controller -- -j16 -l16
[0.088s] [35m[1mConsolidate compiler generated dependencies of target tip_trajectory_generator[0m
[0.111s] [ 50%] Built target tip_pose_generator
[0.112s] [ 50%] Built target inverse_kinematics
[0.113s] [ 75%] Built target body_pose_generator
[0.114s] [ 87%] [32mBuilding CXX object CMakeFiles/tip_trajectory_generator.dir/src/tip_trajectory_generator.cpp.o[0m
[0.343s] [01m[K/home/bryan/hexapod_ws/src/hexapod_controller/src/tip_trajectory_generator.cpp:5:2:[m[K [01;31m[Kerror: [m[Kinvalid preprocessing directive #inclide; did you mean #include?
[0.343s]     5 | #[01;31m[Kinclide[m[K "geometry_msgs/msg/point_stamped.hpp"
[0.343s]       |  [01;31m[K^~~~~~~[m[K
[0.343s]       |  [32m[Kinclude[m[K
[3.069s] [01m[K/home/bryan/hexapod_ws/src/hexapod_controller/src/tip_trajectory_generator.cpp:255:43:[m[K [01;31m[Kerror: [m[Kâ€˜[01m[KPointStamped[m[Kâ€™ is not a member of â€˜[01m[Kgeometry_msgs::msg[m[Kâ€™
[3.069s]   255 |     rclcpp::Publisher<geometry_msgs::msg::[01;31m[KPointStamped[m[K>::SharedPtr publisher_point_stamped;
[3.069s]       |                                           [01;31m[K^~~~~~~~~~~~[m[K
[3.069s] [01m[K/home/bryan/hexapod_ws/src/hexapod_controller/src/tip_trajectory_generator.cpp:255:55:[m[K [01;31m[Kerror: [m[Ktemplate argument 1 is invalid
[3.069s]   255 |     rclcpp::Publisher<geometry_msgs::msg::PointStamped[01;31m[K>[m[K::SharedPtr publisher_point_stamped;
[3.070s]       |                                                       [01;31m[K^[m[K
[3.070s] [01m[K/home/bryan/hexapod_ws/src/hexapod_controller/src/tip_trajectory_generator.cpp:255:58:[m[K [01;31m[Kerror: [m[Kexpected â€˜[01m[K;[m[Kâ€™ at end of member declaration
[3.070s]   255 |     rclcpp::Publisher<geometry_msgs::msg::PointStamped>::[01;31m[KSharedPtr[m[K publisher_point_stamped;
[3.070s]       |                                                          [01;31m[K^~~~~~~~~[m[K
[3.070s]       |                                                                   [32m[K;[m[K
[3.075s] [01m[K/home/bryan/hexapod_ws/src/hexapod_controller/src/tip_trajectory_generator.cpp:255:68:[m[K [01;31m[Kerror: [m[Kâ€˜[01m[Kpublisher_point_stamped[m[Kâ€™ does not name a type
[3.075s]   255 |     rclcpp::Publisher<geometry_msgs::msg::PointStamped>::SharedPtr [01;31m[Kpublisher_point_stamped[m[K;
[3.075s]       |                                                                    [01;31m[K^~~~~~~~~~~~~~~~~~~~~~~[m[K
[3.115s] [01m[K/home/bryan/hexapod_ws/src/hexapod_controller/src/tip_trajectory_generator.cpp:[m[K In constructor â€˜[01m[KHexapodTrajectoryGenNode::HexapodTrajectoryGenNode()[m[Kâ€™:
[3.115s] [01m[K/home/bryan/hexapod_ws/src/hexapod_controller/src/tip_trajectory_generator.cpp:35:9:[m[K [01;31m[Kerror: [m[Kâ€˜[01m[Kpublisher_point_stamped[m[Kâ€™ was not declared in this scope
[3.115s]    35 |         [01;31m[Kpublisher_point_stamped[m[K = this->create_publisher<geometry_msgs::msg::PointStamped>("/point_stamped", 10);
[3.115s]       |         [01;31m[K^~~~~~~~~~~~~~~~~~~~~~~[m[K
[3.115s] [01m[K/home/bryan/hexapod_ws/src/hexapod_controller/src/tip_trajectory_generator.cpp:35:78:[m[K [01;31m[Kerror: [m[Kâ€˜[01m[KPointStamped[m[Kâ€™ is not a member of â€˜[01m[Kgeometry_msgs::msg[m[Kâ€™
[3.115s]    35 |         publisher_point_stamped = this->create_publisher<geometry_msgs::msg::[01;31m[KPointStamped[m[K>("/point_stamped", 10);
[3.116s]       |                                                                              [01;31m[K^~~~~~~~~~~~[m[K
[3.116s] [01m[K/home/bryan/hexapod_ws/src/hexapod_controller/src/tip_trajectory_generator.cpp:35:91:[m[K [01;31m[Kerror: [m[Kno matching function for call to â€˜[01m[KHexapodTrajectoryGenNode::create_publisher<<expression error> >(const char [15], int)[m[Kâ€™
[3.116s]    35 |         publisher_point_stamped = [01;31m[Kthis->create_publisher<geometry_msgs::msg::PointStamped>("/point_stamped", 10)[m[K;
[3.116s]       |                                   [01;31m[K~~~~~~~~~~~~~~~~~~~~~~~~~~~~~~~~~~~~~~~~~~~~~~~~~~~~~~~~^~~~~~~~~~~~~~~~~~~~~~[m[K
[3.116s] In file included from [01m[K/opt/ros/humble/include/rclcpp/rclcpp/node.hpp:1321[m[K,
[3.116s]                  from [01m[K/opt/ros/humble/include/rclcpp/rclcpp/executors/single_threaded_executor.hpp:28[m[K,
[3.116s]                  from [01m[K/opt/ros/humble/include/rclcpp/rclcpp/executors.hpp:22[m[K,
[3.116s]                  from [01m[K/opt/ros/humble/include/rclcpp/rclcpp/rclcpp.hpp:155[m[K,
[3.116s]                  from [01m[K/home/bryan/hexapod_ws/src/hexapod_controller/src/tip_trajectory_generator.cpp:1[m[K:
[3.116s] [01m[K/opt/ros/humble/include/rclcpp/rclcpp/node_impl.hpp:73:1:[m[K [01;36m[Knote: [m[Kcandidate: â€˜[01m[Ktemplate<class MessageT, class AllocatorT, class PublisherT> std::shared_ptr<PublisherT> rclcpp::Node::create_publisher(const string&, const rclcpp::QoS&, const rclcpp::PublisherOptionsWithAllocator<AllocatorT>&)[m[Kâ€™
[3.116s]    73 | [01;36m[KNode[m[K::create_publisher(
[3.116s]       | [01;36m[K^~~~[m[K
[3.116s] [01m[K/opt/ros/humble/include/rclcpp/rclcpp/node_impl.hpp:73:1:[m[K [01;36m[Knote: [m[K  template argument deduction/substitution failed:
[3.116s] [01m[K/home/bryan/hexapod_ws/src/hexapod_controller/src/tip_trajectory_generator.cpp:35:91:[m[K [01;31m[Kerror: [m[Ktemplate argument 1 is invalid
[3.116s]    35 |         publisher_point_stamped = [01;31m[Kthis->create_publisher<geometry_msgs::msg::PointStamped>("/point_stamped", 10)[m[K;
[3.116s]       |                                   [01;31m[K~~~~~~~~~~~~~~~~~~~~~~~~~~~~~~~~~~~~~~~~~~~~~~~~~~~~~~~~^~~~~~~~~~~~~~~~~~~~~~[m[K
[3.120s] [01m[K/home/bryan/hexapod_ws/src/hexapod_controller/src/tip_trajectory_generator.cpp:[m[K In member function â€˜[01m[Kvoid HexapodTrajectoryGenNode::publish_leg_positions()[m[Kâ€™:
[3.120s] [01m[K/home/bryan/hexapod_ws/src/hexapod_controller/src/tip_trajectory_generator.cpp:107:33:[m[K [01;31m[Kerror: [m[Kâ€˜[01m[KPointStamped[m[Kâ€™ is not a member of â€˜[01m[Kgeometry_msgs::msg[m[Kâ€™
[3.120s]   107 |             geometry_msgs::msg::[01;31m[KPointStamped[m[K leg_point;
[3.120s]       |                                 [01;31m[K^~~~~~~~~~~~[m[K
[3.127s] [01m[K/home/bryan/hexapod_ws/src/hexapod_controller/src/tip_trajectory_generator.cpp:109:13:[m[K [01;31m[Kerror: [m[Kâ€˜[01m[Kleg_point[m[Kâ€™ was not declared in this scope; did you mean â€˜[01m[Kleg_positions[m[Kâ€™?
[3.127s]   109 |             [01;31m[Kleg_point[m[K.header.frame_id = "body";  // Set the frame of reference
[3.127s]       |             [01;31m[K^~~~~~~~~[m[K
[3.127s]       |             [32m[Kleg_positions[m[K
[3.128s] [01m[K/home/bryan/hexapod_ws/src/hexapod_controller/src/tip_trajectory_generator.cpp:112:33:[m[K [01;31m[Kerror: [m[Kinvalid use of member function â€˜[01m[Khexapod_interfaces::msg::PointArray HexapodTrajectoryGenNode::transform_leg_positions(std::vector<geometry_msgs::msg::Point_<std::allocator<void> >, std::allocator<geometry_msgs::msg::Point_<std::allocator<void> > > >&)[m[Kâ€™ (did you forget the â€˜[01m[K()[m[Kâ€™ ?)
[3.128s]   112 |             leg_point.point.x = [01;31m[Ktransform_leg_positions[m[K.points[i].x;
[3.128s]       |                                 [01;31m[K^~~~~~~~~~~~~~~~~~~~~~~[m[K
[3.128s] [01m[K/home/bryan/hexapod_ws/src/hexapod_controller/src/tip_trajectory_generator.cpp:113:33:[m[K [01;31m[Kerror: [m[Kinvalid use of member function â€˜[01m[Khexapod_interfaces::msg::PointArray HexapodTrajectoryGenNode::transform_leg_positions(std::vector<geometry_msgs::msg::Point_<std::allocator<void> >, std::allocator<geometry_msgs::msg::Point_<std::allocator<void> > > >&)[m[Kâ€™ (did you forget the â€˜[01m[K()[m[Kâ€™ ?)
[3.128s]   113 |             leg_point.point.y = [01;31m[Ktransform_leg_positions[m[K.points[i].y;
[3.128s]       |                                 [01;31m[K^~~~~~~~~~~~~~~~~~~~~~~[m[K
[3.128s] [01m[K/home/bryan/hexapod_ws/src/hexapod_controller/src/tip_trajectory_generator.cpp:114:33:[m[K [01;31m[Kerror: [m[Kinvalid use of member function â€˜[01m[Khexapod_interfaces::msg::PointArray HexapodTrajectoryGenNode::transform_leg_positions(std::vector<geometry_msgs::msg::Point_<std::allocator<void> >, std::allocator<geometry_msgs::msg::Point_<std::allocator<void> > > >&)[m[Kâ€™ (did you forget the â€˜[01m[K()[m[Kâ€™ ?)
[3.128s]   114 |             leg_point.point.z = [01;31m[Ktransform_leg_positions[m[K.points[i].z;
[3.128s]       |                                 [01;31m[K^~~~~~~~~~~~~~~~~~~~~~~[m[K
[3.141s] [01m[K/home/bryan/hexapod_ws/src/hexapod_controller/src/tip_trajectory_generator.cpp:115:13:[m[K [01;31m[Kerror: [m[Kâ€˜[01m[Kpublisher_point_stamped[m[Kâ€™ was not declared in this scope
[3.141s]   115 |             [01;31m[Kpublisher_point_stamped[m[K->publish(leg_point);
[3.142s]       |             [01;31m[K^~~~~~~~~~~~~~~~~~~~~~~[m[K
[6.951s] gmake[2]: *** [CMakeFiles/tip_trajectory_generator.dir/build.make:76: CMakeFiles/tip_trajectory_generator.dir/src/tip_trajectory_generator.cpp.o] Error 1
[6.951s] gmake[1]: *** [CMakeFiles/Makefile2:221: CMakeFiles/tip_trajectory_generator.dir/all] Error 2
[6.951s] gmake: *** [Makefile:146: all] Error 2
[6.954s] Invoked command in '/home/bryan/hexapod_ws/build/hexapod_controller' returned '2': CMAKE_PREFIX_PATH=/home/bryan/hexapod_ws/install/hexapod_interfaces:/home/bryan/pico_ws/install/whycon:/home/bryan/pico_ws/install/swift_pico:/home/bryan/pico_ws/install/waypoint_navigation:/home/bryan/pico_ws/install/swift_pico_description:/home/bryan/pico_ws/install/rotors_swift_interface:/home/bryan/pico_ws/install/swift_msgs:/home/bryan/pico_ws/install/rotors_swift_gazebo:/home/bryan/pico_ws/install/rotors_swift_description:/home/bryan/pico_ws/install/rotors_control:/home/bryan/pico_ws/install/pid_tune:/home/bryan/pico_ws/install/pid_msg:/home/bryan/pico_ws/install/mav_comm:/home/bryan/pico_ws/install/mav_system_msgs:/home/bryan/pico_ws/install/mav_state_machine_msgs:/home/bryan/pico_ws/install/mav_planning_msgs:/home/bryan/pico_ws/install/mav_msgs:/home/bryan/hexapod_ws/install/hexapod_utils:/home/bryan/hexapod_ws/install/hexapod_kinematics:/home/bryan/hexapod_ws/install/hexapod_controller:/home/bryan/hexapod_ws/install/hexapod_description:/home/bryan/turtlesim_ws/install/turtlesim:/opt/ros/humble LD_LIBRARY_PATH=/home/bryan/hexapod_ws/install/hexapod_interfaces/lib:/home/bryan/pico_ws/install/whycon/lib:/home/bryan/pico_ws/install/waypoint_navigation/lib:/home/bryan/pico_ws/install/rotors_control/lib:/home/bryan/pico_ws/install/mav_planning_msgs/lib:/home/bryan/turtlesim_ws/install/turtlesim/lib:/usr/lib/x86_64-linux-gnu/gazebo-11/plugins:/usr/local/lib:/home/bryan/pico_ws/install/swift_msgs/lib:/home/bryan/pico_ws/install/pid_msg/lib:/home/bryan/pico_ws/install/mav_system_msgs/lib:/home/bryan/pico_ws/install/mav_state_machine_msgs/lib:/home/bryan/pico_ws/install/mav_msgs/lib:/opt/ros/humble/opt/rviz_ogre_vendor/lib:/opt/ros/humble/lib/x86_64-linux-gnu:/opt/ros/humble/lib /usr/bin/cmake --build /home/bryan/hexapod_ws/build/hexapod_controller -- -j16 -l16
