[0.029s] Invoking command in '/home/bryan/hexapod_ws/build/hexapod_firmware': CMAKE_PREFIX_PATH=${CMAKE_PREFIX_PATH}:/home/bryan/bumperbot_ws/install/bumperbot_py_examples:/opt/ros/humble /usr/bin/cmake --build /home/bryan/hexapod_ws/build/hexapod_firmware -- -j16 -l16
[0.079s] [35m[1mConsolidate compiler generated dependencies of target hexapod_firmware[0m
[0.120s] [ 50%] [32mBuilding CXX object CMakeFiles/hexapod_firmware.dir/src/hexapod_interface.cpp.o[0m
[1.740s] [01m[K/home/bryan/hexapod_ws/src/hexapod_firmware/src/hexapod_interface.cpp:[m[K In member function â€˜[01m[Kvirtual hardware_interface::return_type hexapod_firmware::HexapodInterface::read(const rclcpp::Time&, const rclcpp::Duration&)[m[Kâ€™:
[1.740s] [01m[K/home/bryan/hexapod_ws/src/hexapod_firmware/src/hexapod_interface.cpp:183:20:[m[K [01;35m[Kwarning: [m[Kunused variable â€˜[01m[Kposition[m[Kâ€™ [[01;35m[K]8;;https://gcc.gnu.org/onlinedocs/gcc/Warning-Options.html#index-Wunused-variable-Wunused-variable]8;;[m[K]
[1.740s]   183 |             double [01;35m[Kposition[m[K = std::stod(value);
[1.740s]       |                    [01;35m[K^~~~~~~~[m[K
[1.740s] [01m[K/home/bryan/hexapod_ws/src/hexapod_firmware/src/hexapod_interface.cpp:172:10:[m[K [01;35m[Kwarning: [m[Kunused variable â€˜[01m[Kdt[m[Kâ€™ [[01;35m[K]8;;https://gcc.gnu.org/onlinedocs/gcc/Warning-Options.html#index-Wunused-variable-Wunused-variable]8;;[m[K]
[1.740s]   172 |     auto [01;35m[Kdt[m[K = (rclcpp::Clock().now() - last_run_).seconds();
[1.740s]       |          [01;35m[K^~[m[K
[1.741s] In file included from [01m[K/opt/ros/humble/include/class_loader/class_loader/class_loader.hpp:56[m[K,
[1.741s]                  from [01m[K/opt/ros/humble/include/pluginlib/pluginlib/class_list_macros.hpp:40[m[K,
[1.741s]                  from [01m[K/home/bryan/hexapod_ws/src/hexapod_firmware/src/hexapod_interface.cpp:3[m[K:
[1.741s] [01m[K/home/bryan/hexapod_ws/src/hexapod_firmware/src/hexapod_interface.cpp:[m[K At global scope:
[1.741s] [01m[K/home/bryan/hexapod_ws/src/hexapod_firmware/src/hexapod_interface.cpp:229:1:[m[K [01;31m[Kerror: [m[Kexpected â€˜[01m[K}[m[Kâ€™ at end of input
[1.741s]   229 | [01;31m[KPLUGINLIB_EXPORT_CLASS[m[K(hexapod_firmware::HexapodInterface, hardware_interface::SystemInterface)
[1.741s]       | [01;31m[K^~~~~~~~~~~~~~~~~~~~~~[m[K
[1.741s] [01m[K/home/bryan/hexapod_ws/src/hexapod_firmware/src/hexapod_interface.cpp:7:1:[m[K [01;36m[Knote: [m[Kto match this â€˜[01m[K{[m[Kâ€™
[1.742s]     7 | [01;36m[K{[m[K
[1.742s]       | [01;36m[K^[m[K
[2.062s] gmake[2]: *** [CMakeFiles/hexapod_firmware.dir/build.make:76: CMakeFiles/hexapod_firmware.dir/src/hexapod_interface.cpp.o] Error 1
[2.062s] gmake[1]: *** [CMakeFiles/Makefile2:137: CMakeFiles/hexapod_firmware.dir/all] Error 2
[2.062s] gmake: *** [Makefile:146: all] Error 2
[2.065s] Invoked command in '/home/bryan/hexapod_ws/build/hexapod_firmware' returned '2': CMAKE_PREFIX_PATH=${CMAKE_PREFIX_PATH}:/home/bryan/bumperbot_ws/install/bumperbot_py_examples:/opt/ros/humble /usr/bin/cmake --build /home/bryan/hexapod_ws/build/hexapod_firmware -- -j16 -l16
