[0.090s] Invoking command in '/home/bryan/hexapod_ws/build/hexapod_utils': CMAKE_PREFIX_PATH=${CMAKE_PREFIX_PATH}:/home/bryan/bumperbot_ws/install/bumperbot_py_examples:/opt/ros/humble /usr/bin/cmake --build /home/bryan/hexapod_ws/build/hexapod_utils -- -j16 -l16
[0.250s] [35m[1mConsolidate compiler generated dependencies of target float_32_republisher[0m
[0.321s] [ 50%] [32mBuilding CXX object CMakeFiles/float_32_republisher.dir/src/float_32_republisher.cpp.o[0m
[6.581s] [01m[K/home/bryan/hexapod_ws/src/hexapod_utils/src/float_32_republisher.cpp:[m[K In member function â€˜[01m[Kvoid RepublisherNode::callback(std_msgs::msg::Float64MultiArray_<std::allocator<void> >::SharedPtr)[m[Kâ€™:
[6.581s] [01m[K/home/bryan/hexapod_ws/src/hexapod_utils/src/float_32_republisher.cpp:27:39:[m[K [01;31m[Kerror: [m[Kâ€˜[01m[KFloat32MultiArray[m[Kâ€™ is not a member of â€˜[01m[Kstd_msgs::msg[m[Kâ€™; did you mean â€˜[01m[KFloat64MultiArray[m[Kâ€™?
[6.581s]    27 |         auto new_msg = std_msgs::msg::[01;31m[KFloat32MultiArray[m[K();
[6.581s]       |                                       [01;31m[K^~~~~~~~~~~~~~~~~[m[K
[6.582s]       |                                       [32m[KFloat64MultiArray[m[K
[14.601s] gmake[2]: *** [CMakeFiles/float_32_republisher.dir/build.make:76: CMakeFiles/float_32_republisher.dir/src/float_32_republisher.cpp.o] Error 1
[14.602s] gmake[1]: *** [CMakeFiles/Makefile2:137: CMakeFiles/float_32_republisher.dir/all] Error 2
[14.602s] gmake: *** [Makefile:146: all] Error 2
[14.608s] Invoked command in '/home/bryan/hexapod_ws/build/hexapod_utils' returned '2': CMAKE_PREFIX_PATH=${CMAKE_PREFIX_PATH}:/home/bryan/bumperbot_ws/install/bumperbot_py_examples:/opt/ros/humble /usr/bin/cmake --build /home/bryan/hexapod_ws/build/hexapod_utils -- -j16 -l16
