[0.017s] Invoking command in '/home/bryan/hexapod_ws/build/hexapod_interfaces': /usr/bin/cmake --build /home/bryan/hexapod_ws/build/hexapod_interfaces -- -j16 -l16
[0.038s] -- Found ament_cmake: 1.3.10 (/opt/ros/humble/share/ament_cmake/cmake)
[0.153s] -- Found ament_lint_auto: 0.12.11 (/opt/ros/humble/share/ament_lint_auto/cmake)
[0.194s] Error parsing '/home/bryan/hexapod_ws/src/hexapod_interfaces/package.xml':
[0.225s] Traceback (most recent call last):
[0.225s]   File "/opt/ros/humble/share/ament_cmake_core/cmake/core/package_xml_2_cmake.py", line 150, in <module>
[0.225s]     main()
[0.225s]   File "/opt/ros/humble/share/ament_cmake_core/cmake/core/package_xml_2_cmake.py", line 53, in main
[0.225s]     raise e
[0.225s]   File "/opt/ros/humble/share/ament_cmake_core/cmake/core/package_xml_2_cmake.py", line 49, in main
[0.225s]     package = parse_package_string(
[0.225s]   File "/usr/lib/python3/dist-packages/catkin_pkg/package.py", line 786, in parse_package_string
[0.226s]     raise InvalidPackage('Error(s):%s' % (''.join(['\n- %s' % e for e in errors])), filename)
[0.226s] catkin_pkg.package.InvalidPackage: Error(s) in package '/home/bryan/hexapod_ws/src/hexapod_interfaces/package.xml':
[0.226s] Error(s):
[0.226s] - The generic dependency on 'geometry_msgs' is redundant with: build_depend
[0.237s] [31mCMake Error at /opt/ros/humble/share/ament_cmake_core/cmake/core/ament_package_xml.cmake:95 (message):
[0.237s]   execute_process(/usr/bin/python3
[0.238s]   /opt/ros/humble/share/ament_cmake_core/cmake/core/package_xml_2_cmake.py
[0.238s]   /home/bryan/hexapod_ws/src/hexapod_interfaces/package.xml
[0.238s]   /home/bryan/hexapod_ws/build/hexapod_interfaces/ament_cmake_core/package.cmake)
[0.238s]   returned error code 1
[0.238s] Call Stack (most recent call first):
[0.238s]   /opt/ros/humble/share/ament_cmake_core/cmake/core/ament_package_xml.cmake:49 (_ament_package_xml)
[0.238s]   /opt/ros/humble/share/ament_lint_auto/cmake/ament_lint_auto_find_test_dependencies.cmake:31 (ament_package_xml)
[0.238s]   CMakeLists.txt:23 (ament_lint_auto_find_test_dependencies)
[0.238s] 
[0.238s] [0m
[0.238s] -- Configuring incomplete, errors occurred!
[0.238s] See also "/home/bryan/hexapod_ws/build/hexapod_interfaces/CMakeFiles/CMakeOutput.log".
[0.239s] gmake: *** [Makefile:747: cmake_check_build_system] Error 1
[0.241s] Invoked command in '/home/bryan/hexapod_ws/build/hexapod_interfaces' returned '2': /usr/bin/cmake --build /home/bryan/hexapod_ws/build/hexapod_interfaces -- -j16 -l16
