[0.017s] Invoking command in '/home/bryan/hexapod_ws/build/hexapod_utils': /usr/bin/cmake --build /home/bryan/hexapod_ws/build/hexapod_utils -- -j16 -l16
[0.036s] -- Found ament_cmake: 1.3.10 (/opt/ros/humble/share/ament_cmake/cmake)
[0.139s] -- Found rclpy: 3.3.14 (/opt/ros/humble/share/rclpy/cmake)
[0.139s] -- Found ament_lint_auto: 0.12.11 (/opt/ros/humble/share/ament_lint_auto/cmake)
[0.174s] Error parsing '/home/bryan/hexapod_ws/src/hexapod_utils/package.xml':
[0.202s] Traceback (most recent call last):
[0.202s]   File "/opt/ros/humble/share/ament_cmake_core/cmake/core/package_xml_2_cmake.py", line 150, in <module>
[0.202s]     main()
[0.202s]   File "/opt/ros/humble/share/ament_cmake_core/cmake/core/package_xml_2_cmake.py", line 53, in main
[0.202s]     raise e
[0.202s]   File "/opt/ros/humble/share/ament_cmake_core/cmake/core/package_xml_2_cmake.py", line 49, in main
[0.202s]     package = parse_package_string(
[0.202s]   File "/usr/lib/python3/dist-packages/catkin_pkg/package.py", line 786, in parse_package_string
[0.202s]     raise InvalidPackage('Error(s):%s' % (''.join(['\n- %s' % e for e in errors])), filename)
[0.202s] catkin_pkg.package.InvalidPackage: Error(s) in package '/home/bryan/hexapod_ws/src/hexapod_utils/package.xml':
[0.202s] Error(s):
[0.202s] - The generic dependency on 'rclcpp' is redundant with: build_depend, build_export_depend, exec_depend
[0.214s] [31mCMake Error at /opt/ros/humble/share/ament_cmake_core/cmake/core/ament_package_xml.cmake:95 (message):
[0.214s]   execute_process(/usr/bin/python3
[0.214s]   /opt/ros/humble/share/ament_cmake_core/cmake/core/package_xml_2_cmake.py
[0.214s]   /home/bryan/hexapod_ws/src/hexapod_utils/package.xml
[0.214s]   /home/bryan/hexapod_ws/build/hexapod_utils/ament_cmake_core/package.cmake)
[0.214s]   returned error code 1
[0.214s] Call Stack (most recent call first):
[0.214s]   /opt/ros/humble/share/ament_cmake_core/cmake/core/ament_package_xml.cmake:49 (_ament_package_xml)
[0.214s]   /opt/ros/humble/share/ament_lint_auto/cmake/ament_lint_auto_find_test_dependencies.cmake:31 (ament_package_xml)
[0.214s]   CMakeLists.txt:19 (ament_lint_auto_find_test_dependencies)
[0.215s] 
[0.215s] [0m
[0.215s] -- Configuring incomplete, errors occurred!
[0.215s] See also "/home/bryan/hexapod_ws/build/hexapod_utils/CMakeFiles/CMakeOutput.log".
[0.215s] gmake: *** [Makefile:226: cmake_check_build_system] Error 1
[0.218s] Invoked command in '/home/bryan/hexapod_ws/build/hexapod_utils' returned '2': /usr/bin/cmake --build /home/bryan/hexapod_ws/build/hexapod_utils -- -j16 -l16
